<?xml version="1.0" encoding="UTF-8"?>
<!-- Generated by org.testng.reporters.JUnitReportReporter -->
<testsuite skipped="0" hostname="DESKTOP-TT2GKVP" name="sample.demo" tests="1" failures="0" timestamp="10 Apr 2019 07:01:39 GMT" time="0.022" errors="0">
  <testcase name="test" time="0.022" classname="sample.demo"/>
</testsuite> <!-- sample.demo -->
