<?xml version="1.0" encoding="UTF-8"?>
<!-- Generated by org.testng.reporters.JUnitReportReporter -->
<testsuite skipped="0" hostname="DESKTOP-TT2GKVP" name="com.actitime.tests.ValidLoginLogoutTest" tests="1" failures="0" timestamp="14 Apr 2019 13:07:18 GMT" time="33.242" errors="0">
  <testcase name="testValidLoginLogout" time="33.242" classname="com.actitime.tests.ValidLoginLogoutTest"/>
</testsuite> <!-- com.actitime.tests.ValidLoginLogoutTest -->
