<?xml version="1.0" encoding="UTF-8"?>
<!-- Generated by org.testng.reporters.JUnitReportReporter -->
<testsuite skipped="0" hostname="DESKTOP-TT2GKVP" name="com.actitime.tests.InvalidLoginTest" tests="1" failures="0" timestamp="10 Apr 2019 14:43:38 GMT" time="96.849" errors="0">
  <testcase name="testInvalidLogin" time="96.849" classname="com.actitime.tests.InvalidLoginTest"/>
</testsuite> <!-- com.actitime.tests.InvalidLoginTest -->
