<?xml version="1.0" encoding="UTF-8"?>
<!-- Generated by org.testng.reporters.JUnitReportReporter -->
<testsuite skipped="0" hostname="DESKTOP-TT2GKVP" name="com.actitime.tests.InvalidLoginTest" tests="1" failures="0" timestamp="15 Apr 2019 07:15:11 GMT" time="51.859" errors="0">
  <testcase name="testInvalidLogin" time="51.859" classname="com.actitime.tests.InvalidLoginTest"/>
</testsuite> <!-- com.actitime.tests.InvalidLoginTest -->
