<?xml version="1.0" encoding="UTF-8"?>
<!-- Generated by org.testng.reporters.JUnitReportReporter -->
<testsuite skipped="0" hostname="DESKTOP-TT2GKVP" name="com.actitime.tests.InvalidLoginTest" tests="1" failures="0" timestamp="14 Apr 2019 13:07:18 GMT" time="32.130" errors="0">
  <testcase name="testInvalidLogin" time="32.130" classname="com.actitime.tests.InvalidLoginTest"/>
</testsuite> <!-- com.actitime.tests.InvalidLoginTest -->
