<?xml version="1.0" encoding="UTF-8"?>
<!-- Generated by org.testng.reporters.JUnitReportReporter -->
<testsuite skipped="0" hostname="DESKTOP-TT2GKVP" name="com.actitime.tests.VerifyVersionTest" tests="1" failures="0" timestamp="15 Apr 2019 07:15:11 GMT" time="37.420" errors="0">
  <testcase name="testVerifyVersion" time="37.420" classname="com.actitime.tests.VerifyVersionTest"/>
</testsuite> <!-- com.actitime.tests.VerifyVersionTest -->
