<?xml version="1.0" encoding="UTF-8"?>
<!-- Generated by org.testng.reporters.JUnitReportReporter -->
<testsuite skipped="0" hostname="DESKTOP-TT2GKVP" name="com.actitime.tests.ValidLoginLogoutTest" tests="1" failures="0" timestamp="15 Apr 2019 07:15:11 GMT" time="48.255" errors="0">
  <testcase name="testValidLoginLogout" time="48.255" classname="com.actitime.tests.ValidLoginLogoutTest"/>
</testsuite> <!-- com.actitime.tests.ValidLoginLogoutTest -->
