<?xml version="1.0" encoding="UTF-8"?>
<!-- Generated by org.testng.reporters.JUnitReportReporter -->
<testsuite skipped="0" hostname="DESKTOP-TT2GKVP" name="com.actitime.tests.VerifyVersionTest" tests="1" failures="0" timestamp="14 Apr 2019 13:07:18 GMT" time="22.569" errors="0">
  <testcase name="testVerifyVersion" time="22.569" classname="com.actitime.tests.VerifyVersionTest"/>
</testsuite> <!-- com.actitime.tests.VerifyVersionTest -->
